c:\users\usuario\onedrive - universidad de huelva\universidad\3º carrera\2º cuatrimestre\rv\prácticas\trabajo final\rockettrainer\x64\debug\vc142.pdb
c:\users\usuario\onedrive - universidad de huelva\universidad\3º carrera\2º cuatrimestre\rv\prácticas\trabajo final\rockettrainer\x64\debug\vc142.idb
c:\users\usuario\onedrive - universidad de huelva\universidad\3º carrera\2º cuatrimestre\rv\prácticas\trabajo final\rockettrainer\x64\debug\main.obj
c:\users\usuario\onedrive - universidad de huelva\universidad\3º carrera\2º cuatrimestre\rv\prácticas\trabajo final\rockettrainer\x64\debug\cgsphere.obj
c:\users\usuario\onedrive - universidad de huelva\universidad\3º carrera\2º cuatrimestre\rv\prácticas\trabajo final\rockettrainer\x64\debug\cgskybox.obj
c:\users\usuario\onedrive - universidad de huelva\universidad\3º carrera\2º cuatrimestre\rv\prácticas\trabajo final\rockettrainer\x64\debug\cgshaderprogram.obj
c:\users\usuario\onedrive - universidad de huelva\universidad\3º carrera\2º cuatrimestre\rv\prácticas\trabajo final\rockettrainer\x64\debug\cgscene.obj
c:\users\usuario\onedrive - universidad de huelva\universidad\3º carrera\2º cuatrimestre\rv\prácticas\trabajo final\rockettrainer\x64\debug\cgmodel.obj
c:\users\usuario\onedrive - universidad de huelva\universidad\3º carrera\2º cuatrimestre\rv\prácticas\trabajo final\rockettrainer\x64\debug\cgmaterial.obj
c:\users\usuario\onedrive - universidad de huelva\universidad\3º carrera\2º cuatrimestre\rv\prácticas\trabajo final\rockettrainer\x64\debug\cglight.obj
c:\users\usuario\onedrive - universidad de huelva\universidad\3º carrera\2º cuatrimestre\rv\prácticas\trabajo final\rockettrainer\x64\debug\cgground.obj
c:\users\usuario\onedrive - universidad de huelva\universidad\3º carrera\2º cuatrimestre\rv\prácticas\trabajo final\rockettrainer\x64\debug\cgfog.obj
c:\users\usuario\onedrive - universidad de huelva\universidad\3º carrera\2º cuatrimestre\rv\prácticas\trabajo final\rockettrainer\x64\debug\cgfigure.obj
c:\users\usuario\onedrive - universidad de huelva\universidad\3º carrera\2º cuatrimestre\rv\prácticas\trabajo final\rockettrainer\x64\debug\cgcamera.obj
c:\users\usuario\onedrive - universidad de huelva\universidad\3º carrera\2º cuatrimestre\rv\prácticas\trabajo final\rockettrainer\x64\debug\cgapplication.obj
c:\users\usuario\onedrive - universidad de huelva\universidad\3º carrera\2º cuatrimestre\rv\prácticas\trabajo final\rockettrainer\x64\debug\porteria.obj
c:\users\usuario\onedrive - universidad de huelva\universidad\3º carrera\2º cuatrimestre\rv\prácticas\trabajo final\rockettrainer\x64\debug\pared.obj
c:\users\usuario\onedrive - universidad de huelva\universidad\3º carrera\2º cuatrimestre\rv\prácticas\trabajo final\rockettrainer\x64\debug\cgslotcar_pieces.obj
c:\users\usuario\onedrive - universidad de huelva\universidad\3º carrera\2º cuatrimestre\rv\prácticas\trabajo final\rockettrainer\x64\debug\cgslotcar.obj
c:\users\usuario\onedrive - universidad de huelva\universidad\3º carrera\2º cuatrimestre\rv\prácticas\trabajo final\rockettrainer\x64\debug\cgobject.obj
c:\users\usuario\onedrive - universidad de huelva\universidad\3º carrera\2º cuatrimestre\rv\prácticas\trabajo final\rockettrainer\x64\debug\paredfrontal.obj
c:\users\usuario\onedrive - universidad de huelva\universidad\3º carrera\2º cuatrimestre\rv\prácticas\trabajo final\rockettrainer\x64\debug\rockettrainer.exe
c:\users\usuario\onedrive - universidad de huelva\universidad\3º carrera\2º cuatrimestre\rv\prácticas\trabajo final\rockettrainer\x64\debug\rockettrainer.ilk
c:\users\usuario\onedrive - universidad de huelva\universidad\3º carrera\2º cuatrimestre\rv\prácticas\trabajo final\rockettrainer\x64\debug\rockettrainer.pdb
c:\users\usuario\onedrive - universidad de huelva\universidad\3º carrera\2º cuatrimestre\rv\prácticas\trabajo final\rockettrainer\x64\debug\rockettrainer.res
c:\users\usuario\onedrive - universidad de huelva\universidad\3º carrera\2º cuatrimestre\rv\prácticas\trabajo final\rockettrainer\x64\debug\rockettrainer.tlog\cl.command.1.tlog
c:\users\usuario\onedrive - universidad de huelva\universidad\3º carrera\2º cuatrimestre\rv\prácticas\trabajo final\rockettrainer\x64\debug\rockettrainer.tlog\cl.read.1.tlog
c:\users\usuario\onedrive - universidad de huelva\universidad\3º carrera\2º cuatrimestre\rv\prácticas\trabajo final\rockettrainer\x64\debug\rockettrainer.tlog\cl.write.1.tlog
c:\users\usuario\onedrive - universidad de huelva\universidad\3º carrera\2º cuatrimestre\rv\prácticas\trabajo final\rockettrainer\x64\debug\rockettrainer.tlog\link.command.1.tlog
c:\users\usuario\onedrive - universidad de huelva\universidad\3º carrera\2º cuatrimestre\rv\prácticas\trabajo final\rockettrainer\x64\debug\rockettrainer.tlog\link.read.1.tlog
c:\users\usuario\onedrive - universidad de huelva\universidad\3º carrera\2º cuatrimestre\rv\prácticas\trabajo final\rockettrainer\x64\debug\rockettrainer.tlog\link.write.1.tlog
c:\users\usuario\onedrive - universidad de huelva\universidad\3º carrera\2º cuatrimestre\rv\prácticas\trabajo final\rockettrainer\x64\debug\rockettrainer.tlog\rc.command.1.tlog
c:\users\usuario\onedrive - universidad de huelva\universidad\3º carrera\2º cuatrimestre\rv\prácticas\trabajo final\rockettrainer\x64\debug\rockettrainer.tlog\rc.read.1.tlog
c:\users\usuario\onedrive - universidad de huelva\universidad\3º carrera\2º cuatrimestre\rv\prácticas\trabajo final\rockettrainer\x64\debug\rockettrainer.tlog\rc.write.1.tlog
