g:\universidad\3º carrera\2º cuatrimestre\rv\prácticas\trabajo final\computergraphics\projects\rockettrainer\x64\release\vc142.pdb
g:\universidad\3º carrera\2º cuatrimestre\rv\prácticas\trabajo final\computergraphics\projects\rockettrainer\x64\release\main.obj
g:\universidad\3º carrera\2º cuatrimestre\rv\prácticas\trabajo final\computergraphics\projects\rockettrainer\x64\release\cgsphere.obj
g:\universidad\3º carrera\2º cuatrimestre\rv\prácticas\trabajo final\computergraphics\projects\rockettrainer\x64\release\cgskybox.obj
g:\universidad\3º carrera\2º cuatrimestre\rv\prácticas\trabajo final\computergraphics\projects\rockettrainer\x64\release\cgshaderprogram.obj
g:\universidad\3º carrera\2º cuatrimestre\rv\prácticas\trabajo final\computergraphics\projects\rockettrainer\x64\release\cgscene.obj
g:\universidad\3º carrera\2º cuatrimestre\rv\prácticas\trabajo final\computergraphics\projects\rockettrainer\x64\release\cgmodel.obj
g:\universidad\3º carrera\2º cuatrimestre\rv\prácticas\trabajo final\computergraphics\projects\rockettrainer\x64\release\cgmaterial.obj
g:\universidad\3º carrera\2º cuatrimestre\rv\prácticas\trabajo final\computergraphics\projects\rockettrainer\x64\release\cglight.obj
g:\universidad\3º carrera\2º cuatrimestre\rv\prácticas\trabajo final\computergraphics\projects\rockettrainer\x64\release\cgground.obj
g:\universidad\3º carrera\2º cuatrimestre\rv\prácticas\trabajo final\computergraphics\projects\rockettrainer\x64\release\cgfog.obj
g:\universidad\3º carrera\2º cuatrimestre\rv\prácticas\trabajo final\computergraphics\projects\rockettrainer\x64\release\cgfigure.obj
g:\universidad\3º carrera\2º cuatrimestre\rv\prácticas\trabajo final\computergraphics\projects\rockettrainer\x64\release\cgcamera.obj
g:\universidad\3º carrera\2º cuatrimestre\rv\prácticas\trabajo final\computergraphics\projects\rockettrainer\x64\release\cgapplication.obj
g:\universidad\3º carrera\2º cuatrimestre\rv\prácticas\trabajo final\computergraphics\projects\rockettrainer\x64\release\rockettrainer.exe
g:\universidad\3º carrera\2º cuatrimestre\rv\prácticas\trabajo final\computergraphics\projects\rockettrainer\x64\release\rockettrainer.pdb
g:\universidad\3º carrera\2º cuatrimestre\rv\prácticas\trabajo final\computergraphics\projects\rockettrainer\x64\release\rockettrainer.ipdb
g:\universidad\3º carrera\2º cuatrimestre\rv\prácticas\trabajo final\computergraphics\projects\rockettrainer\x64\release\rockettrainer.iobj
g:\universidad\3º carrera\2º cuatrimestre\rv\prácticas\trabajo final\computergraphics\projects\rockettrainer\x64\release\rockettrainer.tlog\cl.read.1.tlog
g:\universidad\3º carrera\2º cuatrimestre\rv\prácticas\trabajo final\computergraphics\projects\rockettrainer\x64\release\rockettrainer.tlog\cl.write.1.tlog
g:\universidad\3º carrera\2º cuatrimestre\rv\prácticas\trabajo final\computergraphics\projects\rockettrainer\x64\release\rockettrainer.tlog\cl.command.1.tlog
g:\universidad\3º carrera\2º cuatrimestre\rv\prácticas\trabajo final\computergraphics\projects\rockettrainer\x64\release\rockettrainer.tlog\link.read.1.tlog
g:\universidad\3º carrera\2º cuatrimestre\rv\prácticas\trabajo final\computergraphics\projects\rockettrainer\x64\release\rockettrainer.tlog\link.write.1.tlog
g:\universidad\3º carrera\2º cuatrimestre\rv\prácticas\trabajo final\computergraphics\projects\rockettrainer\x64\release\rockettrainer.tlog\link.command.1.tlog
g:\universidad\3º carrera\2º cuatrimestre\rv\prácticas\trabajo final\computergraphics\projects\rockettrainer\x64\release\rockettrainer.tlog\rockettrainer.write.1u.tlog
